SF:lib\features\media\download_media.dart
DA:4,2
DA:6,2
DA:9,4
DA:11,8
DA:12,2
DA:17,2
DA:20,2
LF:7
LH:7
end_of_record
SF:lib\features\media\view_model\providers.dart
DA:8,41
DA:9,17
DA:12,12
DA:13,6
DA:14,3
DA:15,3
DA:19,12
DA:20,6
DA:21,3
DA:22,3
DA:26,12
DA:27,6
DA:28,3
DA:29,3
DA:33,36
DA:34,18
DA:35,2
DA:36,6
LF:18
LH:18
end_of_record
SF:lib\features\profile\models\shared.dart
DA:17,8
DA:19,8
DA:20,8
DA:21,4
DA:22,4
DA:23,2
DA:25,6
DA:27,4
DA:28,4
DA:30,3
DA:38,17
DA:50,1
DA:54,1
DA:56,1
DA:57,1
DA:58,1
DA:59,1
DA:60,1
DA:61,1
DA:67,1
DA:68,1
DA:69,3
DA:72,1
DA:73,1
DA:75,2
DA:94,3
DA:109,6
DA:112,3
DA:115,3
DA:116,4
DA:117,3
DA:118,2
DA:119,3
DA:120,15
DA:124,2
DA:125,2
DA:126,2
DA:141,2
DA:142,2
DA:147,2
DA:148,4
DA:149,4
DA:150,2
DA:152,2
DA:155,1
DA:162,1
DA:165,1
DA:166,1
DA:169,1
DA:170,1
DA:171,3
DA:172,1
DA:174,1
DA:180,1
DA:181,3
DA:182,1
DA:184,1
DA:200,1
DA:207,1
DA:211,1
DA:213,2
DA:214,1
DA:216,1
DA:217,1
DA:219,1
DA:225,5
DA:231,10
DA:232,5
DA:233,5
DA:234,5
DA:236,5
DA:238,5
DA:239,5
DA:240,5
DA:242,5
DA:249,5
DA:251,5
DA:252,5
DA:253,5
DA:254,5
DA:260,2
DA:262,2
DA:263,4
DA:264,2
DA:266,2
DA:270,2
DA:272,2
DA:273,1
DA:276,2
DA:277,2
DA:278,1
DA:281,2
DA:282,2
DA:283,1
DA:286,2
DA:287,2
DA:288,1
DA:291,2
DA:292,2
DA:293,1
DA:296,2
DA:297,2
DA:298,1
DA:301,4
DA:302,2
DA:311,6
DA:321,6
DA:323,6
DA:328,6
DA:330,12
DA:331,36
DA:332,6
DA:334,12
DA:335,6
DA:336,1
DA:337,1
DA:338,1
DA:341,4
DA:342,4
DA:344,6
DA:345,6
DA:349,2
DA:350,6
DA:351,1
DA:353,2
DA:354,0
DA:355,1
DA:356,1
DA:357,1
DA:358,1
DA:359,1
DA:361,1
DA:362,5
DA:363,1
DA:364,1
DA:365,1
DA:366,1
DA:369,0
DA:370,0
DA:372,1
DA:373,1
DA:379,0
DA:380,0
DA:382,1
DA:383,1
DA:388,1
DA:390,0
DA:400,7
DA:403,7
DA:405,7
DA:413,7
DA:415,28
DA:416,28
DA:417,28
DA:418,7
DA:421,7
DA:423,7
DA:425,7
DA:427,7
DA:428,7
DA:429,0
DA:431,0
DA:432,0
DA:434,7
DA:436,7
DA:437,7
DA:446,28
DA:447,7
DA:448,28
DA:449,7
DA:454,7
DA:455,2
DA:457,6
DA:458,2
DA:463,2
DA:464,6
DA:465,12
DA:466,2
DA:467,1
DA:468,1
DA:469,1
DA:471,1
DA:473,1
DA:476,2
DA:477,2
DA:478,2
DA:482,2
DA:484,4
DA:486,0
DA:487,2
DA:489,4
DA:490,10
DA:495,1
DA:497,0
DA:498,0
DA:503,2
DA:508,2
DA:509,6
DA:510,12
DA:511,2
DA:512,1
DA:513,1
DA:514,1
DA:516,1
DA:518,1
DA:521,2
DA:522,2
DA:523,2
DA:527,2
DA:529,4
DA:532,0
DA:533,2
DA:535,4
DA:536,10
DA:541,1
DA:543,0
DA:544,0
DA:550,7
DA:552,7
DA:553,7
DA:557,7
DA:558,21
DA:559,4
DA:564,28
DA:565,7
DA:566,28
DA:567,7
DA:568,21
DA:569,4
DA:577,7
DA:578,2
DA:580,2
DA:581,0
DA:582,0
DA:583,0
DA:584,0
DA:585,0
DA:586,0
DA:587,0
DA:588,0
DA:590,0
DA:592,0
DA:594,0
DA:596,0
DA:597,0
DA:598,0
DA:600,0
DA:602,0
DA:608,6
DA:609,12
DA:610,2
DA:611,1
DA:612,1
DA:613,2
DA:614,1
DA:615,1
DA:617,1
DA:619,1
DA:621,3
DA:623,2
DA:624,2
DA:625,4
DA:626,10
DA:628,4
DA:630,0
DA:637,2
DA:638,4
DA:639,2
DA:640,0
DA:642,4
DA:643,4
DA:646,7
DA:648,7
DA:649,7
DA:650,7
DA:655,7
DA:656,9
DA:660,14
DA:661,7
DA:662,14
DA:663,7
DA:664,9
DA:671,7
DA:672,1
DA:675,7
DA:677,7
DA:678,7
DA:682,7
DA:684,28
DA:685,7
DA:686,28
DA:687,7
DA:692,7
DA:693,7
DA:694,7
DA:695,2
DA:697,2
DA:698,3
DA:699,6
DA:700,1
DA:701,1
DA:702,1
DA:703,1
DA:704,1
DA:706,1
DA:708,1
DA:710,3
DA:712,1
DA:713,1
DA:714,1
DA:718,1
DA:727,6
DA:728,12
DA:729,2
DA:730,2
DA:731,2
DA:732,2
DA:733,2
DA:735,2
DA:737,2
DA:739,6
DA:741,2
DA:742,2
DA:743,2
DA:747,2
DA:756,2
DA:757,4
DA:758,4
DA:761,7
DA:762,7
DA:767,7
DA:768,7
DA:773,7
DA:774,7
DA:775,1
DA:778,7
DA:790,3
DA:795,3
DA:798,3
DA:799,3
DA:807,3
DA:809,3
DA:811,3
DA:815,3
DA:816,3
DA:817,3
DA:823,3
DA:825,3
DA:827,3
DA:829,3
DA:830,3
DA:835,3
DA:841,3
DA:843,3
DA:845,1
DA:846,1
DA:859,1
DA:862,1
DA:864,1
DA:868,1
DA:871,6
DA:872,1
DA:874,1
DA:876,3
DA:878,1
DA:879,1
DA:880,1
DA:881,1
DA:882,1
DA:884,0
DA:885,0
DA:888,1
DA:894,0
DA:902,1
DA:905,1
DA:907,1
DA:911,1
DA:914,6
DA:915,1
DA:918,1
DA:921,1
DA:922,1
DA:923,1
DA:924,1
DA:926,0
DA:927,0
DA:930,1
DA:935,0
DA:941,3
DA:945,3
DA:946,7
DA:947,4
DA:948,2
DA:949,6
DA:951,6
DA:953,3
DA:955,8
DA:956,2
DA:959,2
DA:960,2
DA:962,2
DA:963,2
DA:964,2
DA:966,3
DA:978,1
DA:980,1
DA:982,3
DA:986,1
DA:988,1
DA:989,3
DA:990,3
DA:993,0
DA:996,1
DA:997,2
DA:998,2
DA:999,2
DA:1005,1
DA:1006,1
DA:1007,1
DA:1008,1
DA:1009,1
DA:1010,1
DA:1011,2
DA:1012,1
DA:1013,1
DA:1014,1
DA:1015,2
DA:1016,1
DA:1017,1
DA:1018,2
DA:1019,1
DA:1021,1
DA:1022,1
DA:1023,2
DA:1024,1
DA:1027,2
DA:1029,1
DA:1030,1
LF:438
LH:398
end_of_record
SF:lib\features\media\models\confirm_upload_model.dart
DA:8,7
DA:16,4
DA:17,4
DA:18,4
DA:19,4
DA:20,4
DA:21,4
DA:22,4
DA:23,4
LF:9
LH:9
end_of_record
SF:lib\features\media\models\request_upload_model.dart
DA:5,7
DA:8,4
DA:9,4
DA:10,4
DA:11,4
DA:16,1
DA:17,3
LF:7
LH:7
end_of_record
SF:lib\core\models\usermodel.g.dart
DA:13,0
DA:15,0
DA:16,0
DA:17,0
DA:19,0
DA:20,0
DA:21,0
DA:22,0
DA:23,0
DA:24,0
DA:25,0
DA:26,0
DA:27,0
DA:28,0
DA:29,0
DA:30,0
DA:32,0
DA:33,0
DA:37,0
DA:40,0
DA:41,0
DA:42,0
DA:43,0
DA:44,0
DA:45,0
DA:46,0
DA:47,0
DA:48,0
DA:49,0
DA:50,0
DA:51,0
DA:52,0
DA:53,0
DA:54,0
DA:55,0
DA:56,0
DA:57,0
DA:58,0
DA:59,0
DA:60,0
DA:61,0
DA:62,0
DA:63,0
DA:64,0
DA:67,0
DA:68,0
DA:70,0
DA:73,0
DA:74,0
DA:75,0
LF:50
LH:0
end_of_record
SF:lib\core\models\usermodel.dart
DA:46,3
DA:62,0
DA:77,0
DA:78,0
DA:79,0
DA:80,0
DA:81,0
DA:82,0
DA:83,0
DA:84,0
DA:85,0
DA:86,0
DA:87,0
DA:88,0
DA:90,0
DA:94,1
DA:95,1
DA:96,1
DA:97,1
DA:98,1
DA:99,1
DA:100,1
DA:101,1
DA:102,1
DA:103,1
DA:104,1
DA:106,1
DA:107,2
DA:111,1
DA:113,1
DA:114,2
DA:115,1
DA:116,1
DA:117,1
DA:118,0
DA:119,0
DA:120,0
DA:121,0
DA:125,1
DA:126,1
DA:127,1
DA:128,1
DA:129,1
DA:130,0
DA:131,1
DA:132,1
DA:133,1
DA:134,2
DA:135,1
DA:136,1
DA:137,1
DA:142,3
DA:144,0
DA:145,0
DA:147,0
DA:149,0
DA:152,1
DA:156,0
DA:157,0
DA:158,0
DA:159,0
DA:160,0
DA:161,0
DA:162,0
DA:163,0
DA:164,0
DA:165,0
DA:166,0
DA:169,0
DA:171,0
DA:172,0
DA:173,0
DA:174,0
DA:175,0
DA:176,0
DA:177,0
DA:178,0
DA:179,0
DA:180,0
DA:181,0
LF:80
LH:34
end_of_record
SF:lib\features\profile\models\follower_model.dart
DA:9,1
DA:17,1
DA:18,1
DA:19,1
DA:20,2
DA:21,1
DA:30,1
DA:31,1
DA:32,1
DA:33,2
DA:38,1
DA:39,1
DA:40,2
DA:41,1
DA:42,1
DA:43,2
DA:48,1
DA:54,1
DA:55,1
DA:56,1
DA:57,1
DA:58,1
DA:63,1
DA:64,1
DA:65,1
LF:25
LH:25
end_of_record
SF:lib\core\classes\AppFailure.dart
DA:4,0
DA:6,0
DA:7,0
DA:9,0
DA:12,0
DA:15,0
DA:16,0
LF:7
LH:0
end_of_record
SF:lib\core\classes\PickedImage.dart
DA:10,0
DA:13,0
DA:15,0
DA:16,0
DA:19,0
DA:20,0
DA:21,0
DA:22,0
DA:31,0
DA:36,0
DA:37,0
DA:39,0
DA:41,0
DA:42,0
DA:45,0
DA:49,0
DA:51,0
DA:52,0
DA:55,0
DA:56,0
DA:57,0
DA:58,0
LF:22
LH:0
end_of_record
SF:lib\core\constants\server_constants.dart
DA:4,36
DA:5,18
DA:6,9
LF:3
LH:3
end_of_record
SF:lib\core\models\TokensModel.dart
DA:7,0
DA:14,0
DA:15,0
DA:16,0
DA:17,0
DA:18,0
DA:19,0
DA:20,0
DA:24,0
DA:25,0
DA:26,0
DA:27,0
DA:28,0
DA:29,0
DA:33,0
DA:34,0
DA:35,0
DA:36,0
DA:37,0
DA:38,0
DA:42,0
DA:43,0
DA:44,0
DA:45,0
DA:46,0
DA:47,0
DA:51,0
DA:52,0
DA:53,0
DA:54,0
DA:55,0
DA:56,0
DA:60,0
DA:62,0
DA:64,0
DA:65,0
DA:66,0
DA:67,0
DA:68,0
DA:69,0
DA:73,0
DA:75,0
LF:42
LH:0
end_of_record
SF:lib\core\providers\current_user_provider.dart
DA:8,5
DA:13,1
DA:14,1
DA:17,0
DA:18,0
LF:5
LH:3
end_of_record
SF:lib\core\providers\current_user_provider.g.dart
DA:17,2
DA:18,2
DA:28,5
DA:29,5
DA:31,5
DA:33,5
DA:36,0
DA:37,0
DA:39,0
DA:44,5
DA:48,5
DA:51,5
DA:52,5
DA:54,5
DA:61,5
LF:15
LH:12
end_of_record
SF:lib\core\providers\dio_interceptor.dart
DA:9,39
DA:10,9
DA:11,0
DA:15,0
DA:16,0
DA:24,0
DA:26,0
DA:31,0
DA:32,0
DA:35,0
DA:36,0
DA:38,0
DA:39,0
DA:41,0
DA:42,0
DA:43,0
DA:44,0
DA:45,0
DA:46,0
DA:53,0
DA:56,0
DA:57,0
DA:58,0
DA:59,0
DA:66,0
DA:67,0
DA:68,0
DA:69,0
DA:70,0
DA:72,0
DA:73,0
DA:74,0
DA:75,0
DA:83,0
DA:86,0
DA:89,0
DA:94,0
DA:95,0
DA:97,0
DA:98,0
DA:99,0
DA:100,0
DA:101,0
DA:102,0
DA:104,0
DA:107,0
DA:108,0
DA:109,0
DA:112,0
DA:113,0
DA:114,0
DA:117,0
DA:118,0
DA:119,0
DA:120,0
DA:121,0
DA:123,0
DA:124,0
DA:125,0
DA:126,0
DA:128,0
DA:131,0
DA:132,0
DA:133,0
DA:136,0
DA:139,0
DA:140,0
DA:141,0
DA:142,0
DA:143,0
DA:144,0
DA:145,0
DA:148,0
DA:151,0
DA:153,0
DA:155,0
DA:156,0
DA:157,0
DA:160,0
DA:166,0
DA:167,0
DA:169,0
DA:170,0
DA:173,0
DA:177,0
DA:178,0
DA:179,0
DA:183,0
DA:186,0
DA:188,0
DA:189,0
DA:192,0
DA:194,0
DA:200,0
DA:202,0
DA:203,0
DA:204,0
DA:207,0
DA:208,0
DA:210,0
DA:212,0
DA:213,0
DA:214,0
DA:217,0
DA:222,0
DA:224,0
DA:225,0
DA:226,0
DA:229,0
DA:231,0
DA:234,0
DA:236,0
DA:237,0
DA:241,0
DA:253,0
LF:115
LH:2
end_of_record
SF:lib\features\auth\repositories\auth_local_repository.g.dart
DA:23,2
DA:24,2
DA:34,0
DA:35,0
DA:37,0
DA:41,0
DA:43,0
DA:45,0
DA:49,0
DA:50,0
DA:52,0
DA:57,0
LF:12
LH:2
end_of_record
SF:lib\features\auth\repositories\auth_local_repository.dart
DA:10,0
DA:12,0
DA:13,0
DA:14,0
DA:22,0
DA:24,0
DA:28,0
DA:29,0
DA:32,0
DA:33,0
DA:36,0
DA:37,0
DA:40,0
DA:41,0
DA:42,0
DA:43,0
DA:44,0
DA:45,0
DA:47,0
DA:50,0
DA:51,0
DA:52,0
DA:53,0
DA:55,0
DA:65,0
DA:68,0
DA:69,0
DA:76,0
DA:77,0
DA:83,0
DA:86,0
DA:87,0
LF:32
LH:0
end_of_record
SF:lib\features\auth\view_model\auth_view_model.dart
DA:21,0
DA:23,0
DA:24,0
DA:26,0
DA:27,0
DA:28,0
DA:30,0
DA:33,0
DA:35,0
DA:36,0
DA:37,0
DA:39,0
DA:40,0
DA:41,0
DA:42,0
DA:43,0
DA:45,0
DA:46,0
DA:49,0
DA:52,0
DA:57,0
DA:62,0
DA:64,0
DA:70,0
DA:71,0
DA:72,0
DA:76,0
DA:80,0
DA:82,0
DA:87,0
DA:88,0
DA:89,0
DA:93,0
DA:97,0
DA:98,0
DA:103,0
DA:104,0
DA:105,0
DA:107,0
DA:109,0
DA:110,0
DA:111,0
DA:114,0
DA:115,0
DA:117,0
DA:118,0
DA:119,0
DA:125,0
DA:126,0
DA:128,0
DA:130,0
DA:134,0
DA:139,0
DA:140,0
DA:141,0
DA:143,0
DA:145,0
DA:146,0
DA:147,0
DA:148,0
DA:154,0
DA:155,0
DA:156,0
DA:157,0
DA:158,0
DA:159,0
DA:163,0
DA:164,0
DA:166,0
DA:168,0
DA:172,0
DA:176,0
DA:177,0
DA:178,0
DA:180,0
DA:181,0
DA:182,0
DA:183,0
DA:184,0
DA:188,0
DA:193,0
DA:195,0
DA:196,0
DA:202,0
DA:203,0
DA:208,0
DA:211,0
DA:212,0
DA:213,0
DA:214,0
DA:217,0
DA:220,0
DA:224,0
DA:225,0
DA:226,0
DA:231,0
DA:232,0
DA:234,0
DA:238,0
DA:239,0
DA:243,0
DA:244,0
DA:245,0
DA:247,0
DA:248,0
DA:250,0
DA:251,0
DA:252,0
DA:254,0
DA:255,0
DA:256,0
DA:257,0
DA:258,0
DA:262,0
DA:263,0
DA:264,0
DA:265,0
DA:271,0
DA:273,0
DA:274,0
DA:275,0
DA:276,0
DA:278,0
DA:283,0
DA:284,0
DA:285,0
DA:288,0
DA:289,0
DA:290,0
DA:291,0
DA:292,0
DA:293,0
DA:294,0
DA:296,0
DA:301,0
DA:302,0
DA:303,0
DA:304,0
DA:305,0
DA:306,0
DA:308,0
DA:309,0
DA:314,0
DA:318,0
DA:319,0
DA:323,0
DA:324,0
DA:325,0
DA:327,0
DA:328,0
DA:333,0
DA:337,0
DA:338,0
DA:343,0
DA:347,0
DA:348,0
DA:349,0
DA:351,0
DA:352,0
DA:357,0
DA:362,0
DA:363,0
DA:368,0
DA:369,0
DA:370,0
DA:372,0
DA:373,0
DA:379,0
DA:380,0
DA:381,0
DA:383,0
DA:384,0
DA:385,0
DA:387,0
DA:388,0
DA:393,0
DA:397,0
DA:398,0
DA:402,0
DA:403,0
DA:404,0
DA:406,0
DA:408,0
DA:410,0
DA:413,0
DA:414,0
DA:415,0
DA:416,0
DA:418,0
DA:425,0
DA:426,0
DA:429,0
DA:430,0
DA:431,0
DA:432,0
DA:436,0
DA:437,0
DA:439,0
DA:443,0
DA:444,0
DA:445,0
DA:449,0
DA:450,0
DA:451,0
DA:453,0
DA:459,0
DA:460,0
DA:461,0
DA:463,0
DA:464,0
DA:465,0
DA:467,0
DA:473,0
DA:474,0
DA:475,0
DA:478,0
DA:479,0
DA:480,0
DA:481,0
DA:487,0
DA:488,0
DA:491,0
DA:492,0
DA:495,0
DA:496,0
DA:497,0
DA:498,0
DA:501,0
DA:502,0
DA:506,0
DA:507,0
DA:509,0
DA:513,0
DA:514,0
DA:515,0
DA:517,0
DA:518,0
DA:519,0
DA:523,0
DA:524,0
DA:525,0
DA:527,0
DA:528,0
DA:530,0
DA:533,0
DA:534,0
DA:536,0
DA:537,0
DA:538,0
DA:540,0
DA:541,0
DA:546,0
DA:547,0
DA:549,0
DA:562,0
DA:563,0
DA:564,0
DA:565,0
DA:566,0
DA:567,0
DA:569,0
DA:571,0
DA:572,0
DA:573,0
DA:575,0
DA:578,0
DA:579,0
DA:580,0
DA:584,0
DA:585,0
DA:586,0
DA:587,0
DA:589,0
DA:590,0
DA:591,0
DA:592,0
DA:596,0
DA:597,0
DA:598,0
DA:603,0
DA:604,0
DA:605,0
DA:606,0
DA:607,0
DA:608,0
DA:610,0
DA:612,0
DA:613,0
DA:614,0
DA:616,0
DA:618,0
DA:619,0
DA:620,0
DA:624,0
DA:625,0
DA:626,0
DA:627,0
DA:629,0
DA:630,0
DA:631,0
DA:632,0
DA:636,0
DA:637,0
DA:638,0
LF:304
LH:0
end_of_record
SF:lib\features\auth\view_model\auth_view_model.g.dart
DA:17,2
DA:18,2
DA:28,0
DA:29,0
DA:31,0
DA:33,0
DA:36,0
DA:37,0
DA:39,0
DA:44,0
DA:48,0
DA:51,0
DA:52,0
DA:54,0
DA:61,0
LF:15
LH:2
end_of_record
SF:lib\core\services\deep_link_service.dart
DA:9,0
DA:10,0
DA:11,0
DA:14,0
DA:16,0
DA:18,0
DA:19,0
DA:20,0
DA:22,0
DA:23,0
DA:24,0
DA:28,0
DA:31,0
DA:32,0
DA:33,0
DA:36,0
DA:37,0
DA:38,0
DA:44,0
DA:46,0
DA:47,0
DA:49,0
DA:50,0
LF:23
LH:0
end_of_record
SF:lib\features\auth\models\ExploreCategory.dart
DA:5,0
DA:7,0
DA:8,0
LF:3
LH:0
end_of_record
SF:lib\features\auth\repositories\auth_remote_repository.dart
DA:21,0
DA:23,0
DA:24,0
DA:29,0
DA:32,0
DA:35,0
DA:36,0
DA:37,0
DA:38,0
DA:43,0
DA:45,0
DA:48,0
DA:51,0
DA:52,0
DA:53,0
DA:56,0
DA:59,0
DA:60,0
DA:61,0
DA:62,0
DA:64,0
DA:67,0
DA:68,0
DA:71,0
DA:73,0
DA:85,0
DA:88,0
DA:90,0
DA:92,0
DA:94,0
DA:95,0
DA:96,0
DA:101,0
DA:102,0
DA:104,0
DA:105,0
DA:106,0
DA:107,0
DA:110,0
DA:111,0
DA:114,0
DA:116,0
DA:117,0
DA:118,0
DA:119,0
DA:120,0
DA:121,0
DA:123,0
DA:125,0
DA:127,0
DA:132,0
DA:134,0
DA:136,0
DA:137,0
DA:139,0
DA:141,0
DA:145,0
DA:149,0
DA:151,0
DA:154,0
DA:156,0
DA:160,0
DA:162,0
DA:163,0
DA:164,0
DA:166,0
DA:168,0
DA:174,0
DA:180,0
DA:182,0
DA:184,0
DA:185,0
DA:186,0
DA:188,0
DA:193,0
DA:198,0
DA:200,0
DA:203,0
DA:204,0
DA:205,0
DA:206,0
DA:208,0
DA:213,0
DA:218,0
DA:220,0
DA:222,0
DA:223,0
DA:224,0
DA:226,0
DA:227,0
DA:228,0
DA:230,0
DA:242,0
DA:243,0
DA:244,0
DA:247,0
DA:250,0
DA:251,0
DA:253,0
DA:254,0
DA:255,0
DA:257,0
DA:259,0
DA:262,0
DA:263,0
DA:264,0
DA:266,0
DA:267,0
DA:268,0
DA:270,0
DA:275,0
DA:277,0
DA:278,0
DA:281,0
DA:283,0
DA:284,0
DA:286,0
DA:287,0
DA:288,0
DA:290,0
DA:295,0
DA:299,0
DA:300,0
DA:302,0
DA:303,0
DA:305,0
DA:308,0
DA:310,0
DA:312,0
DA:313,0
DA:315,0
DA:317,0
DA:322,0
DA:327,0
DA:330,0
DA:335,0
DA:340,0
DA:342,0
DA:344,0
DA:345,0
DA:346,0
DA:347,0
DA:348,0
DA:349,0
DA:350,0
DA:352,0
DA:357,0
DA:363,0
DA:365,0
DA:367,0
DA:368,0
DA:369,0
DA:370,0
DA:372,0
DA:377,0
DA:383,0
DA:385,0
DA:387,0
DA:389,0
DA:390,0
DA:391,0
DA:392,0
DA:393,0
DA:394,0
DA:395,0
DA:396,0
DA:397,0
DA:398,0
DA:399,0
DA:400,0
DA:403,0
DA:405,0
DA:411,0
DA:416,0
DA:418,0
DA:421,0
DA:422,0
DA:423,0
DA:424,0
DA:425,0
DA:426,0
DA:427,0
DA:429,0
DA:434,0
DA:436,0
DA:438,0
DA:440,0
DA:441,0
DA:442,0
DA:444,0
DA:449,0
DA:453,0
DA:455,0
DA:457,0
DA:458,0
DA:459,0
DA:460,0
DA:462,0
DA:467,0
DA:471,0
DA:473,0
DA:475,0
DA:476,0
DA:477,0
DA:478,0
DA:480,0
DA:484,0
DA:489,0
DA:491,0
DA:493,0
DA:494,0
DA:495,0
DA:496,0
DA:498,0
DA:502,0
DA:507,0
DA:509,0
DA:511,0
DA:512,0
DA:513,0
DA:514,0
DA:515,0
DA:517,0
DA:523,0
DA:529,0
DA:531,0
DA:539,0
DA:540,0
DA:541,0
DA:542,0
DA:544,0
DA:549,0
DA:553,0
DA:555,0
DA:557,0
DA:558,0
DA:559,0
DA:560,0
DA:562,0
DA:566,0
DA:571,0
DA:573,0
DA:576,0
DA:577,0
DA:578,0
DA:579,0
DA:581,0
LF:247
LH:0
end_of_record
SF:lib\features\auth\repositories\auth_remote_repository.g.dart
DA:23,2
DA:24,2
DA:34,0
DA:35,0
DA:37,0
DA:41,0
DA:43,0
DA:45,0
DA:49,0
DA:50,0
DA:52,0
DA:57,0
LF:12
LH:2
end_of_record
SF:lib\features\auth\view_model\auth_state.dart
DA:17,2
DA:19,0
DA:20,0
DA:22,0
DA:24,0
DA:25,0
DA:27,0
DA:28,0
DA:30,0
DA:31,0
DA:33,0
DA:34,0
DA:36,0
DA:37,0
DA:39,0
DA:45,0
DA:46,0
DA:47,0
DA:49,0
DA:52,0
DA:57,0
DA:58,0
DA:59,0
DA:60,0
DA:64,0
DA:65,0
DA:66,0
DA:67,0
DA:69,0
DA:71,0
LF:30
LH:1
end_of_record
SF:lib\features\home\models\tweet_model.dart
DA:70,1
DA:94,0
DA:117,0
DA:118,0
DA:119,0
DA:120,0
DA:121,0
DA:122,0
DA:123,0
DA:124,0
DA:125,0
DA:126,0
DA:127,0
DA:128,0
DA:129,0
DA:130,0
DA:131,0
DA:132,0
DA:133,0
DA:134,0
DA:135,0
DA:136,0
DA:137,0
DA:138,0
DA:142,0
DA:143,0
DA:144,0
DA:145,0
DA:146,0
DA:147,0
DA:148,0
DA:149,0
DA:150,0
DA:151,0
DA:152,0
DA:153,0
DA:154,0
DA:155,0
DA:156,0
DA:157,0
DA:158,0
DA:159,0
DA:160,0
DA:161,0
DA:162,0
DA:163,0
DA:164,0
DA:168,0
DA:169,0
DA:170,0
DA:175,0
DA:176,0
DA:177,0
DA:180,0
DA:181,0
DA:182,0
DA:185,0
DA:186,0
DA:187,0
DA:190,0
DA:191,0
DA:192,0
DA:194,0
DA:195,0
DA:196,0
DA:197,0
DA:198,0
DA:199,0
DA:200,0
DA:201,0
DA:202,0
DA:204,0
DA:205,0
DA:206,0
DA:207,0
DA:208,0
DA:210,0
DA:211,0
DA:212,0
DA:214,0
DA:215,0
DA:216,0
DA:217,0
DA:220,0
DA:221,0
DA:223,0
DA:225,0
DA:230,0
DA:231,0
DA:236,0
DA:237,0
DA:238,0
DA:239,0
DA:240,0
DA:241,0
DA:244,0
DA:245,0
DA:246,0
DA:254,0
DA:255,0
DA:256,0
DA:258,0
DA:259,0
DA:260,0
DA:264,0
DA:265,0
DA:268,0
DA:269,0
DA:270,0
DA:271,0
DA:272,0
DA:273,0
DA:274,0
DA:275,0
DA:278,0
DA:279,0
DA:285,0
DA:286,0
DA:287,0
DA:289,0
DA:290,0
DA:291,0
DA:292,0
DA:293,0
DA:294,0
DA:295,0
DA:297,0
DA:298,0
DA:306,0
DA:317,0
DA:318,0
DA:319,0
DA:321,0
DA:323,0
DA:324,0
DA:325,0
DA:326,0
DA:327,0
DA:332,0
DA:336,0
DA:343,0
DA:347,0
DA:348,0
DA:349,0
DA:350,0
DA:356,0
DA:360,0
DA:361,0
DA:368,0
DA:370,0
DA:371,0
DA:372,0
DA:373,0
LF:153
LH:1
end_of_record
SF:lib\features\home\models\tweet_model.g.dart
DA:13,0
DA:15,0
DA:16,0
DA:17,0
DA:19,0
DA:20,0
DA:21,0
DA:22,0
DA:23,0
DA:24,0
DA:25,0
DA:26,0
DA:27,0
DA:28,0
DA:29,0
DA:30,0
DA:31,0
DA:32,0
DA:33,0
DA:35,0
DA:36,0
DA:37,0
DA:38,0
DA:39,0
DA:40,0
DA:41,0
DA:42,0
DA:46,0
DA:49,0
DA:50,0
DA:51,0
DA:52,0
DA:53,0
DA:54,0
DA:55,0
DA:56,0
DA:57,0
DA:58,0
DA:59,0
DA:60,0
DA:61,0
DA:62,0
DA:63,0
DA:64,0
DA:65,0
DA:66,0
DA:67,0
DA:68,0
DA:69,0
DA:70,0
DA:71,0
DA:72,0
DA:73,0
DA:74,0
DA:75,0
DA:76,0
DA:77,0
DA:78,0
DA:79,0
DA:80,0
DA:81,0
DA:82,0
DA:83,0
DA:84,0
DA:85,0
DA:86,0
DA:87,0
DA:88,0
DA:89,0
DA:90,0
DA:91,0
DA:94,0
DA:95,0
DA:97,0
DA:100,0
DA:101,0
DA:102,0
LF:77
LH:0
end_of_record
SF:lib\features\media\models\shared.dart
DA:20,3
DA:21,9
DA:22,3
LF:3
LH:3
end_of_record
SF:lib\features\media\repository\media_repo_impl.dart
DA:13,4
DA:15,3
DA:20,6
DA:22,3
DA:24,6
DA:25,3
DA:27,4
DA:31,3
DA:35,3
DA:36,9
DA:37,6
DA:38,3
DA:40,4
DA:44,2
DA:46,2
DA:47,1
DA:48,1
DA:50,2
DA:51,1
DA:52,1
DA:53,2
DA:54,1
DA:57,1
DA:58,2
DA:59,3
DA:62,5
DA:63,2
DA:65,4
DA:69,3
DA:71,9
DA:72,9
DA:74,4
LF:32
LH:32
end_of_record
SF:lib\features\profile\models\create_reply_model.dart
DA:2,1
DA:3,1
LF:2
LH:2
end_of_record
SF:lib\features\profile\models\create_tweet_model.dart
DA:2,2
DA:3,2
LF:2
LH:2
end_of_record
SF:lib\features\profile\models\profile_model.g.dart
DA:13,2
DA:15,2
DA:16,2
DA:17,10
DA:19,2
DA:20,2
DA:21,2
DA:22,2
DA:23,2
DA:24,4
DA:25,4
DA:26,4
DA:27,2
DA:28,2
DA:29,2
DA:30,2
DA:31,4
DA:32,2
DA:33,2
DA:34,2
DA:35,2
DA:36,2
DA:37,2
DA:38,2
DA:39,2
DA:40,2
DA:44,2
DA:47,2
DA:48,2
DA:49,4
DA:50,2
DA:51,4
DA:52,2
DA:53,4
DA:54,2
DA:55,4
DA:56,2
DA:57,4
DA:58,2
DA:59,4
DA:60,2
DA:61,4
DA:62,2
DA:63,4
DA:64,2
DA:65,4
DA:66,2
DA:67,4
DA:68,2
DA:69,4
DA:70,2
DA:71,4
DA:72,2
DA:73,4
DA:74,2
DA:75,4
DA:76,2
DA:77,4
DA:78,2
DA:79,4
DA:80,2
DA:81,4
DA:82,2
DA:83,4
DA:84,2
DA:85,4
DA:86,2
DA:87,4
DA:88,2
DA:89,4
DA:92,1
DA:93,2
DA:95,1
DA:98,1
DA:99,3
DA:100,3
LF:76
LH:76
end_of_record
SF:lib\features\profile\models\profile_model.dart
DA:51,12
DA:77,3
DA:81,3
DA:82,4
DA:83,2
DA:88,3
DA:89,4
DA:90,2
DA:95,3
DA:96,3
DA:97,3
DA:98,3
DA:99,3
DA:102,3
DA:103,4
DA:105,3
DA:106,4
DA:108,3
DA:109,3
DA:111,3
DA:112,3
DA:113,3
DA:115,3
DA:116,3
DA:117,3
DA:118,3
DA:119,3
DA:120,3
DA:121,3
DA:122,3
DA:126,1
DA:130,2
DA:132,2
DA:133,1
DA:135,1
DA:139,2
DA:141,2
DA:142,1
DA:144,1
DA:148,1
DA:149,1
DA:150,1
DA:151,1
DA:152,1
DA:155,1
DA:156,1
DA:157,1
DA:162,1
DA:185,1
DA:186,1
DA:187,1
DA:188,1
DA:189,1
DA:190,1
DA:191,1
DA:192,1
DA:193,1
DA:194,1
DA:195,1
DA:196,1
DA:197,1
DA:198,1
DA:199,1
DA:200,1
DA:201,1
DA:202,1
DA:203,1
DA:204,1
DA:205,1
DA:206,1
DA:211,1
DA:227,2
DA:228,2
LF:73
LH:73
end_of_record
SF:lib\features\profile\models\profile_tweet_model.dart
DA:29,10
DA:56,3
DA:57,3
DA:61,6
DA:63,6
DA:65,6
DA:67,4
DA:71,3
DA:73,4
DA:74,2
DA:75,2
DA:76,1
DA:78,2
DA:79,2
DA:80,2
DA:81,2
DA:82,2
DA:83,2
DA:84,2
DA:85,2
DA:86,2
DA:87,2
DA:88,2
DA:89,2
DA:90,2
DA:91,2
DA:92,3
DA:94,4
DA:95,4
DA:96,4
DA:97,2
DA:98,4
DA:99,4
DA:100,2
DA:101,3
DA:102,3
LF:36
LH:36
end_of_record
SF:lib\features\profile\models\search_user_model.dart
DA:14,2
DA:28,2
DA:29,2
DA:30,2
DA:31,2
DA:32,2
DA:33,2
DA:34,2
DA:35,2
DA:36,4
DA:37,2
DA:38,2
DA:39,2
DA:40,2
DA:44,1
DA:57,1
DA:58,1
DA:59,1
DA:60,1
DA:61,1
DA:62,1
DA:63,1
DA:64,1
DA:65,1
DA:66,1
DA:67,1
DA:68,1
LF:27
LH:27
end_of_record
SF:lib\features\profile\view\widgets\profile_tweets\profile_normal_tweet_widget.dart
DA:9,3
DA:15,2
DA:17,2
DA:18,2
DA:19,2
LF:5
LH:5
end_of_record
SF:lib\features\profile\view\widgets\profile_tweets\profile_quote_widget.dart
DA:11,3
DA:19,2
DA:21,2
DA:22,8
DA:24,2
DA:25,2
DA:26,2
DA:27,2
DA:28,2
DA:30,2
DA:31,2
DA:32,2
DA:33,2
DA:35,2
DA:36,2
DA:37,2
DA:38,2
DA:39,1
DA:40,1
DA:42,1
DA:43,1
DA:44,1
DA:45,3
DA:46,1
DA:47,1
DA:49,1
DA:50,4
DA:53,1
DA:58,2
DA:59,2
DA:60,2
DA:66,1
DA:67,2
DA:69,2
DA:70,2
DA:71,2
DA:76,2
DA:80,2
DA:81,4
LF:39
LH:39
end_of_record
SF:lib\features\profile\view\widgets\profile_tweets\profile_retweet_widget.dart
DA:11,2
DA:19,1
DA:21,1
DA:23,4
DA:25,1
DA:26,1
DA:27,1
DA:28,1
DA:29,1
DA:30,1
DA:31,1
DA:33,1
DA:40,1
DA:41,1
DA:42,3
DA:43,1
DA:52,3
DA:53,1
DA:54,1
DA:55,1
DA:57,1
DA:58,1
DA:59,1
LF:23
LH:23
end_of_record
SF:lib\features\profile\view_model\providers.dart
DA:19,14
DA:20,4
DA:23,6
DA:24,5
DA:28,4
DA:29,4
DA:30,2
DA:33,4
DA:34,2
DA:35,1
DA:36,1
DA:40,4
DA:41,2
DA:42,1
DA:43,1
DA:47,4
DA:48,2
DA:49,1
DA:50,1
DA:54,4
DA:55,4
DA:59,4
DA:60,2
DA:63,4
DA:64,4
DA:68,4
DA:69,2
DA:72,4
DA:73,4
DA:77,4
DA:78,2
DA:81,2
DA:82,2
DA:86,2
DA:87,1
DA:90,4
DA:91,2
DA:92,1
DA:93,1
DA:97,4
DA:98,2
DA:99,1
DA:100,1
DA:104,4
DA:105,2
DA:106,1
DA:107,1
DA:111,4
DA:112,4
DA:116,4
DA:117,2
DA:120,4
DA:121,4
DA:125,4
DA:126,2
DA:129,4
DA:130,2
DA:131,1
DA:132,1
DA:136,4
DA:137,2
DA:138,1
DA:139,1
DA:143,4
DA:144,2
DA:145,1
DA:146,1
DA:150,4
DA:151,2
DA:152,1
DA:153,1
DA:157,0
DA:161,12
DA:162,10
DA:166,8
DA:167,2
DA:170,4
DA:171,4
DA:175,4
DA:176,2
DA:179,4
DA:180,4
DA:184,4
DA:185,2
DA:188,4
DA:189,2
DA:193,0
DA:194,0
DA:197,2
DA:198,2
DA:202,2
DA:203,1
DA:206,7
DA:207,2
DA:208,1
DA:209,1
DA:214,10
DA:215,2
DA:216,1
DA:217,1
DA:221,10
DA:222,2
DA:223,1
DA:224,1
DA:228,10
DA:229,2
DA:230,1
DA:231,1
DA:235,7
DA:236,2
DA:237,1
DA:238,1
DA:242,10
DA:243,2
DA:244,1
DA:245,1
DA:249,10
DA:250,2
DA:251,1
DA:252,1
DA:256,4
DA:257,2
DA:258,1
DA:259,1
DA:264,2
DA:265,2
DA:269,2
DA:270,1
DA:274,4
DA:275,2
DA:276,1
DA:277,1
DA:281,4
DA:282,2
DA:283,1
DA:284,1
DA:288,4
DA:289,2
DA:290,1
DA:295,1
DA:308,0
DA:313,0
DA:316,6
DA:317,0
DA:318,0
DA:325,2
DA:326,2
DA:327,2
DA:328,1
DA:331,0
DA:332,0
DA:336,0
DA:337,0
DA:340,0
DA:341,0
DA:342,0
DA:343,0
DA:347,4
DA:350,2
DA:351,1
DA:354,0
DA:355,0
DA:359,0
DA:360,0
LF:164
LH:145
end_of_record
SF:lib\features\profile\models\tweet_reply_model.dart
DA:16,2
DA:32,2
DA:33,2
DA:34,2
DA:35,2
DA:36,2
DA:37,2
DA:38,2
DA:39,2
DA:40,2
DA:41,2
DA:42,2
DA:43,2
DA:44,2
DA:45,2
DA:46,4
DA:50,1
DA:51,1
DA:52,1
DA:53,1
DA:54,1
DA:55,1
DA:56,1
DA:57,1
DA:58,1
DA:59,1
DA:60,1
DA:61,1
DA:62,1
DA:63,1
DA:64,2
DA:77,2
DA:86,2
DA:87,2
DA:88,2
DA:89,2
DA:90,2
DA:91,2
DA:92,2
DA:93,2
DA:97,1
DA:98,1
DA:99,1
DA:100,1
DA:101,1
DA:102,1
DA:103,1
DA:104,1
LF:48
LH:48
end_of_record
SF:lib\features\profile\models\user_model.dart
DA:10,5
DA:20,1
DA:29,1
DA:30,1
DA:31,1
DA:32,1
DA:33,1
DA:34,1
DA:35,1
DA:36,1
DA:40,2
DA:41,2
DA:42,2
DA:43,2
DA:44,2
DA:45,2
DA:46,2
DA:47,2
DA:48,2
DA:52,4
DA:53,4
DA:54,4
DA:55,4
DA:56,4
DA:57,4
DA:58,4
DA:59,4
DA:60,4
DA:64,1
DA:66,8
DA:69,2
DA:72,1
DA:73,3
DA:74,3
DA:75,3
DA:76,3
DA:77,3
DA:78,3
DA:79,3
DA:82,1
DA:84,3
DA:85,3
DA:86,3
DA:87,3
DA:88,3
DA:89,3
DA:90,2
LF:47
LH:47
end_of_record
SF:lib\features\trends\models\for_you_response_model.dart
DA:8,3
LF:1
LH:1
end_of_record
SF:lib\features\trends\models\paginated_tweets.dart
DA:7,2
LF:1
LH:1
end_of_record
SF:lib\features\trends\models\trend_category.dart
DA:10,2
DA:16,2
DA:17,2
DA:18,4
DA:22,4
DA:24,6
DA:25,2
DA:26,2
DA:27,2
DA:28,2
LF:10
LH:10
end_of_record
SF:lib\features\trends\models\trend_model.dart
DA:9,3
DA:17,3
DA:18,3
DA:19,3
DA:20,3
DA:21,3
DA:22,3
DA:23,3
LF:8
LH:8
end_of_record
SF:lib\features\profile\repositories\profile_repo_impl.dart
DA:22,2
DA:24,2
DA:30,2
DA:33,6
DA:34,2
DA:36,2
DA:38,2
DA:39,1
DA:40,3
DA:41,1
DA:45,2
DA:46,2
DA:47,2
DA:48,2
DA:49,1
DA:50,1
DA:51,1
DA:53,1
DA:54,1
DA:57,1
DA:60,2
DA:61,2
DA:62,2
DA:63,2
DA:65,2
DA:68,2
DA:69,1
DA:70,1
DA:71,1
DA:73,1
DA:74,1
DA:77,1
DA:80,4
DA:84,1
DA:88,2
DA:91,4
DA:94,1
DA:95,1
DA:96,1
DA:97,1
DA:98,1
DA:99,1
DA:100,1
DA:103,2
DA:104,4
DA:106,3
DA:108,2
DA:112,2
DA:117,6
DA:119,2
DA:121,1
DA:123,0
DA:125,4
DA:129,1
DA:134,3
DA:136,1
DA:137,2
DA:138,0
DA:140,2
DA:144,2
DA:149,6
DA:150,2
DA:152,1
DA:153,0
DA:155,4
DA:159,2
DA:164,4
DA:165,2
DA:167,1
DA:168,0
DA:170,4
DA:174,1
DA:179,3
DA:182,2
DA:186,1
DA:191,3
DA:194,2
DA:198,1
DA:200,3
DA:203,2
DA:209,2
DA:213,6
DA:214,2
DA:216,3
DA:217,1
DA:218,1
DA:221,4
DA:225,2
DA:227,4
DA:229,1
DA:232,2
DA:233,3
DA:234,2
DA:235,2
DA:236,1
DA:238,1
DA:239,1
DA:241,1
DA:243,4
DA:247,2
DA:251,6
DA:252,2
DA:254,1
DA:255,1
DA:256,1
DA:257,2
DA:259,3
DA:260,1
DA:261,1
DA:264,4
DA:268,1
DA:272,3
DA:273,2
DA:275,3
DA:276,1
DA:278,4
DA:279,1
DA:280,1
DA:283,2
DA:287,2
DA:290,2
DA:292,3
DA:293,2
DA:295,3
DA:296,1
DA:298,4
DA:299,1
DA:300,1
DA:303,2
DA:307,1
DA:309,3
DA:311,2
DA:312,3
DA:313,3
DA:314,3
DA:315,3
DA:316,3
DA:317,3
DA:318,2
DA:322,2
DA:326,1
DA:328,3
DA:330,2
DA:331,3
DA:332,3
DA:333,3
DA:334,3
DA:335,3
DA:336,3
DA:337,2
DA:341,2
DA:346,1
DA:348,3
DA:349,2
DA:350,3
DA:354,2
DA:358,1
DA:360,3
DA:361,2
DA:362,3
DA:365,2
DA:369,1
DA:371,3
DA:372,2
DA:373,3
DA:374,3
DA:377,2
DA:381,1
DA:383,3
DA:384,2
DA:385,3
DA:386,3
DA:390,2
DA:394,2
DA:396,4
DA:397,2
DA:398,2
DA:400,1
DA:401,1
DA:402,1
DA:404,4
DA:408,2
DA:412,4
DA:413,2
DA:414,2
DA:416,1
DA:417,1
DA:418,1
DA:420,4
DA:425,1
DA:429,2
DA:431,1
DA:433,3
DA:435,2
DA:439,1
DA:441,3
DA:442,2
DA:443,3
DA:444,3
DA:445,3
DA:446,1
DA:448,2
DA:452,1
DA:456,3
DA:457,1
DA:459,3
DA:460,1
DA:461,1
DA:463,2
DA:468,1
DA:470,3
DA:471,2
DA:472,3
DA:473,3
DA:474,3
DA:477,2
DA:481,1
DA:486,3
DA:487,2
DA:488,3
DA:489,3
DA:490,3
DA:493,2
DA:497,1
DA:502,3
DA:503,2
DA:504,3
DA:505,3
DA:506,3
DA:509,2
DA:513,1
DA:515,3
DA:516,2
DA:517,3
DA:518,3
DA:519,3
DA:522,2
DA:526,1
DA:528,3
DA:531,2
DA:535,1
DA:537,3
DA:540,2
DA:544,1
DA:549,3
DA:552,2
DA:557,1
DA:561,2
DA:563,1
DA:567,3
DA:568,3
DA:569,3
DA:571,2
DA:572,2
DA:574,2
DA:575,1
DA:577,1
DA:578,1
DA:580,2
DA:584,1
DA:586,3
DA:588,1
DA:589,1
DA:590,2
DA:591,2
DA:592,2
DA:594,2
DA:595,1
DA:596,1
DA:599,1
DA:600,1
DA:607,1
DA:608,1
DA:609,2
DA:614,1
DA:615,2
DA:619,1
DA:624,1
DA:625,1
DA:626,2
DA:628,2
DA:630,1
DA:631,1
DA:632,2
DA:634,2
DA:635,2
DA:636,2
DA:637,1
DA:638,1
DA:643,1
DA:644,1
DA:647,2
DA:651,1
DA:657,1
DA:658,1
DA:662,1
DA:664,2
DA:666,1
DA:672,1
DA:673,1
DA:675,3
DA:676,2
DA:678,2
DA:683,1
DA:685,2
DA:687,1
DA:688,1
DA:689,1
DA:692,2
DA:693,3
DA:694,2
DA:695,2
DA:696,1
DA:698,1
DA:699,1
DA:702,3
DA:703,1
DA:704,1
DA:706,1
DA:707,1
DA:712,1
DA:713,1
DA:714,1
DA:717,1
DA:718,1
DA:723,1
DA:725,2
DA:727,1
DA:730,2
DA:731,1
DA:732,1
DA:733,1
DA:734,1
DA:737,1
DA:738,1
DA:743,1
DA:745,2
DA:747,2
DA:750,3
DA:751,1
DA:752,1
DA:753,1
DA:755,2
DA:756,1
DA:757,1
DA:758,1
DA:761,1
DA:762,1
DA:767,1
DA:771,3
DA:772,2
DA:773,1
DA:774,0
DA:776,2
DA:780,1
DA:786,1
DA:787,4
DA:788,1
DA:789,1
DA:792,1
DA:793,1
DA:796,2
DA:798,2
DA:799,2
DA:801,1
DA:803,4
DA:805,2
DA:807,1
DA:808,3
LF:369
LH:364
end_of_record
SF:lib\features\profile\repositories\profile_storage_service.dart
DA:10,2
DA:11,2
DA:12,6
DA:13,6
DA:17,2
DA:18,6
DA:22,2
DA:23,4
DA:27,1
DA:28,2
DA:32,1
DA:33,2
DA:37,1
DA:38,2
DA:42,2
DA:43,2
DA:44,4
LF:17
LH:17
end_of_record
SF:lib\features\profile\view\widgets\profile_tweets\shared_tweet_components.dart
DA:17,5
DA:25,5
DA:27,5
DA:28,5
DA:29,5
DA:33,5
DA:34,5
DA:35,5
DA:36,5
DA:37,5
DA:38,5
DA:39,1
DA:40,1
DA:41,3
DA:44,5
DA:45,10
DA:52,5
DA:53,5
DA:56,5
DA:57,5
DA:60,5
DA:61,5
DA:62,5
DA:64,5
DA:65,5
DA:66,1
DA:67,1
DA:68,3
DA:71,5
DA:72,5
DA:73,5
DA:74,10
DA:84,5
DA:85,5
DA:86,1
DA:87,1
DA:88,3
DA:91,5
DA:92,15
DA:103,5
DA:104,15
DA:105,5
DA:112,5
DA:114,5
DA:115,5
DA:124,5
DA:125,5
DA:126,1
DA:127,1
DA:130,1
DA:133,5
DA:143,5
DA:144,1
DA:145,1
DA:146,3
DA:149,5
DA:152,5
DA:153,5
DA:154,15
DA:156,5
DA:158,5
DA:159,10
DA:160,5
DA:163,15
DA:164,1
DA:166,1
DA:168,1
DA:169,1
DA:171,1
DA:172,2
DA:179,5
DA:180,6
DA:191,1
DA:206,1
DA:207,1
DA:216,1
DA:218,1
DA:219,1
DA:222,1
DA:223,2
DA:225,1
DA:226,2
DA:227,1
DA:258,1
DA:259,1
DA:260,2
DA:261,2
DA:262,2
DA:274,1
DA:276,2
DA:285,1
DA:288,1
DA:290,1
DA:291,1
DA:292,1
DA:293,2
DA:294,1
DA:295,1
DA:297,1
DA:298,1
DA:299,1
DA:300,1
DA:302,1
DA:310,1
DA:311,1
DA:312,1
DA:313,2
DA:314,2
DA:319,2
DA:320,1
DA:322,1
DA:323,1
DA:324,2
DA:326,2
DA:328,1
DA:331,1
DA:332,1
DA:333,1
DA:334,1
DA:335,1
DA:336,1
DA:337,1
DA:339,1
DA:340,1
DA:414,1
DA:424,1
DA:426,1
DA:427,1
DA:428,1
DA:429,3
DA:430,2
DA:431,1
DA:432,2
DA:440,1
DA:443,1
DA:444,1
DA:458,1
DA:460,4
DA:463,1
DA:464,1
DA:466,1
DA:467,1
DA:468,1
DA:470,1
DA:471,1
DA:472,1
DA:473,2
DA:474,1
DA:475,1
DA:476,3
DA:478,1
DA:486,1
DA:487,1
DA:489,1
DA:490,2
DA:494,1
DA:495,1
DA:498,2
DA:499,1
DA:513,3
DA:515,3
DA:518,1
DA:519,3
DA:521,1
DA:522,1
DA:523,1
DA:524,1
DA:526,1
DA:527,1
DA:530,2
DA:534,1
DA:538,2
DA:545,2
DA:553,1
DA:554,1
DA:556,2
DA:557,2
DA:560,2
DA:561,1
DA:562,1
DA:563,3
DA:564,3
DA:567,2
DA:568,1
DA:570,1
DA:571,3
DA:573,1
DA:574,1
DA:576,1
DA:577,3
DA:579,3
DA:585,2
DA:586,1
DA:588,1
DA:589,1
DA:590,1
DA:592,1
DA:593,3
DA:595,3
DA:600,1
DA:601,1
DA:603,1
DA:604,3
DA:606,3
DA:618,1
DA:623,1
DA:624,1
DA:626,1
DA:633,1
DA:634,1
DA:636,1
DA:637,1
DA:640,1
DA:641,2
DA:642,1
DA:645,2
DA:646,1
DA:649,1
DA:650,2
DA:651,2
DA:652,1
DA:653,1
DA:654,1
DA:656,1
DA:658,1
DA:661,1
DA:662,1
DA:666,1
DA:669,4
DA:672,1
DA:675,2
DA:676,1
DA:679,1
DA:680,2
DA:681,1
DA:684,1
DA:687,1
DA:688,2
DA:689,1
DA:699,5
DA:710,5
DA:711,5
DA:722,5
DA:724,10
DA:725,10
DA:726,5
DA:729,5
DA:730,5
DA:731,5
DA:733,5
DA:736,6
DA:737,2
DA:738,1
DA:739,1
DA:740,2
DA:741,1
DA:746,1
DA:747,1
DA:748,1
DA:750,1
DA:751,1
DA:752,2
DA:753,1
DA:755,4
DA:757,1
DA:758,1
DA:759,1
DA:760,4
DA:762,1
DA:763,1
DA:764,2
DA:765,2
DA:766,2
DA:768,3
DA:775,1
DA:778,10
DA:779,5
DA:780,5
DA:781,5
DA:782,5
DA:787,5
DA:791,5
DA:797,5
DA:800,5
DA:803,5
DA:804,15
DA:805,10
DA:806,15
DA:807,5
DA:808,5
DA:809,5
DA:810,1
DA:813,5
DA:820,5
DA:822,5
DA:824,5
DA:825,5
DA:826,10
DA:827,5
DA:828,10
DA:830,5
DA:831,10
DA:833,5
DA:834,30
DA:837,5
DA:838,5
DA:839,30
DA:843,1
DA:844,6
DA:845,1
DA:847,1
DA:848,1
DA:850,1
DA:851,1
DA:852,2
DA:853,2
DA:854,1
DA:859,2
DA:861,1
DA:862,4
DA:863,1
DA:865,1
DA:866,1
DA:868,1
DA:869,1
DA:870,2
DA:871,2
DA:872,1
DA:877,2
LF:329
LH:329
end_of_record
SF:lib\features\profile\view\widgets\profile_tweets\profile_normar_tweet_quot.dart
DA:9,3
DA:15,3
DA:17,3
DA:18,3
DA:19,3
LF:5
LH:5
end_of_record
SF:lib\features\media\upload_media.dart
DA:9,1
DA:10,1
DA:11,2
DA:14,2
DA:16,4
DA:17,2
DA:21,2
DA:22,1
DA:23,1
DA:27,1
DA:28,1
DA:31,1
DA:40,2
DA:41,2
DA:42,2
DA:44,1
DA:50,2
DA:51,1
DA:52,1
DA:54,1
DA:61,1
DA:62,1
DA:65,1
DA:72,1
DA:73,1
DA:76,1
DA:79,1
LF:27
LH:27
end_of_record
SF:lib\features\settings\models\muted_users_response.dart
DA:8,2
DA:14,1
DA:20,2
DA:21,3
DA:22,2
DA:23,8
DA:24,2
DA:25,2
DA:29,2
DA:30,5
DA:31,1
DA:32,1
DA:35,1
DA:39,1
DA:40,1
DA:41,1
DA:42,1
LF:17
LH:17
end_of_record
SF:lib\features\settings\models\settings_model.dart
DA:12,2
DA:24,2
DA:35,2
DA:36,2
DA:37,2
DA:38,2
DA:40,2
DA:41,2
DA:43,2
DA:44,2
DA:45,2
DA:46,2
DA:50,4
DA:62,2
DA:63,1
DA:64,1
DA:65,1
DA:67,1
DA:68,1
DA:70,1
DA:71,1
DA:72,1
DA:73,3
DA:74,1
DA:76,1
DA:77,3
DA:81,2
DA:82,1
DA:83,1
DA:84,1
DA:85,1
DA:86,1
DA:87,1
DA:88,1
DA:89,1
DA:90,2
LF:36
LH:36
end_of_record
SF:lib\features\settings\repositories\settings_repo_impl.dart
DA:14,1
DA:51,1
DA:52,1
DA:54,1
DA:56,1
DA:57,2
DA:60,1
DA:64,1
DA:65,3
DA:68,1
DA:73,2
DA:74,2
DA:75,3
DA:76,2
DA:77,2
DA:78,3
DA:80,2
DA:82,1
DA:83,1
DA:84,1
DA:86,2
DA:90,1
DA:95,2
DA:96,2
DA:97,3
DA:98,2
DA:99,2
DA:100,3
DA:102,2
DA:104,1
DA:105,1
DA:107,1
DA:109,2
DA:113,1
DA:119,2
DA:121,1
DA:122,1
DA:123,2
DA:126,1
DA:127,1
DA:129,1
DA:131,2
DA:135,1
DA:141,2
DA:143,1
DA:144,1
DA:145,2
DA:148,1
DA:149,1
DA:151,1
DA:153,2
DA:157,1
DA:160,3
DA:163,2
DA:167,1
DA:170,3
DA:173,2
DA:177,1
DA:180,3
DA:183,2
DA:187,1
DA:190,3
DA:193,2
DA:197,1
DA:200,3
DA:203,2
DA:207,1
DA:209,3
DA:212,2
LF:69
LH:69
end_of_record
