SF:lib\core\constants\server_constants.dart
DA:4,5
DA:5,3
DA:6,1
LF:3
LH:3
end_of_record
SF:lib\core\classes\AppFailure.dart
DA:4,3
DA:6,2
DA:7,4
DA:9,1
DA:12,4
DA:15,1
DA:16,2
LF:7
LH:7
end_of_record
SF:lib\core\classes\PickedImage.dart
DA:10,2
DA:13,1
DA:15,1
DA:16,1
DA:19,1
DA:20,2
DA:21,1
DA:22,1
DA:31,1
DA:36,1
DA:37,1
DA:39,1
DA:41,1
DA:42,5
DA:45,1
DA:49,1
DA:51,1
DA:52,1
DA:55,1
DA:56,2
DA:57,1
DA:58,1
LF:22
LH:22
end_of_record
SF:lib\core\models\TokensModel.dart
DA:7,4
DA:14,2
DA:15,3
DA:16,2
DA:17,2
DA:18,2
DA:19,4
DA:20,4
DA:24,2
DA:25,2
DA:26,2
DA:27,2
DA:28,4
DA:29,4
DA:33,2
DA:34,2
DA:35,2
DA:36,2
DA:37,4
DA:38,4
DA:42,2
DA:43,2
DA:44,2
DA:45,2
DA:46,4
DA:47,4
DA:51,1
DA:52,1
DA:53,1
DA:54,1
DA:55,2
DA:56,2
DA:60,4
DA:62,4
DA:64,1
DA:65,1
DA:66,1
DA:67,1
DA:68,2
DA:69,2
DA:73,2
DA:75,14
LF:42
LH:42
end_of_record
SF:lib\core\models\usermodel.dart
DA:46,4
DA:62,3
DA:77,3
DA:78,3
DA:79,3
DA:80,3
DA:81,2
DA:82,3
DA:83,3
DA:84,3
DA:85,3
DA:86,3
DA:87,3
DA:88,3
DA:90,3
DA:94,1
DA:95,1
DA:96,1
DA:97,1
DA:98,1
DA:99,1
DA:100,1
DA:101,1
DA:102,1
DA:103,1
DA:104,1
DA:106,1
DA:107,2
DA:111,2
DA:113,2
DA:114,2
DA:115,1
DA:116,3
DA:117,1
DA:118,2
DA:119,1
DA:120,3
DA:121,1
DA:125,2
DA:126,2
DA:127,2
DA:128,2
DA:129,2
DA:130,2
DA:131,2
DA:132,2
DA:133,2
DA:134,4
DA:135,2
DA:136,2
DA:137,2
DA:142,3
DA:144,1
DA:145,2
DA:147,2
DA:149,24
DA:152,4
DA:156,9
DA:157,9
DA:158,9
DA:159,9
DA:160,9
DA:161,9
DA:162,9
DA:163,9
DA:164,9
DA:165,9
DA:166,9
DA:169,1
DA:171,3
DA:172,3
DA:173,3
DA:174,3
DA:175,3
DA:176,3
DA:177,3
DA:178,3
DA:179,3
DA:180,3
DA:181,2
LF:80
LH:80
end_of_record
SF:lib\core\providers\current_user_provider.dart
DA:8,1
DA:13,1
DA:14,1
DA:17,1
DA:18,1
LF:5
LH:5
end_of_record
SF:lib\core\providers\dio_interceptor.dart
DA:12,0
DA:13,0
DA:14,0
DA:18,0
DA:19,0
DA:31,0
DA:33,0
DA:42,0
DA:43,0
DA:46,0
DA:49,0
DA:50,0
DA:53,0
DA:54,0
DA:56,0
DA:57,0
DA:59,0
DA:60,0
DA:61,0
DA:62,0
DA:63,0
DA:64,0
DA:71,0
DA:74,0
DA:75,0
DA:76,0
DA:77,0
DA:84,0
DA:85,0
DA:86,0
DA:87,0
DA:88,0
DA:90,0
DA:91,0
DA:92,0
DA:93,0
DA:101,0
DA:104,0
DA:107,0
DA:108,0
DA:109,0
DA:110,0
DA:114,0
DA:115,0
DA:119,0
DA:124,0
DA:125,0
DA:127,0
DA:128,0
DA:129,0
DA:130,0
DA:131,0
DA:132,0
DA:134,0
DA:137,0
DA:138,0
DA:139,0
DA:142,0
DA:143,0
DA:144,0
DA:147,0
DA:148,0
DA:149,0
DA:150,0
DA:151,0
DA:153,0
DA:154,0
DA:155,0
DA:156,0
DA:158,0
DA:161,0
DA:162,0
DA:163,0
DA:166,0
DA:169,0
DA:170,0
DA:171,0
DA:172,0
DA:173,0
DA:174,0
DA:175,0
DA:178,0
DA:181,0
DA:183,0
DA:185,0
DA:186,0
DA:187,0
DA:190,0
DA:196,0
DA:197,0
DA:199,0
DA:200,0
DA:203,0
DA:207,0
DA:208,0
DA:209,0
DA:213,0
DA:216,0
DA:218,0
DA:219,0
DA:222,0
DA:224,0
DA:230,0
DA:232,0
DA:233,0
DA:234,0
DA:237,0
DA:238,0
DA:240,0
DA:242,0
DA:243,0
DA:244,0
DA:247,0
DA:252,0
DA:254,0
DA:255,0
DA:256,0
DA:259,0
DA:261,0
DA:264,0
DA:266,0
DA:267,0
DA:271,0
DA:283,0
LF:124
LH:0
end_of_record
SF:lib\features\auth\repositories\auth_local_repository.dart
DA:10,0
DA:12,0
DA:13,0
DA:14,0
DA:22,3
DA:24,1
DA:28,1
DA:29,2
DA:32,1
DA:33,2
DA:36,1
DA:37,2
DA:40,1
DA:41,3
DA:42,1
DA:43,1
DA:44,2
DA:45,2
DA:47,2
DA:50,1
DA:51,2
DA:52,2
DA:53,2
DA:55,2
DA:65,1
DA:68,1
DA:69,1
DA:76,1
DA:77,3
DA:83,2
DA:86,1
DA:87,2
LF:32
LH:28
end_of_record
SF:lib\features\auth\view_model\auth_view_model.dart
DA:21,1
DA:23,3
DA:24,3
DA:26,2
DA:27,1
DA:28,1
DA:30,1
DA:33,1
DA:35,1
DA:36,2
DA:37,2
DA:39,0
DA:40,0
DA:41,0
DA:42,0
DA:43,0
DA:45,0
DA:46,0
DA:49,2
DA:52,0
DA:57,1
DA:62,2
DA:64,2
DA:70,1
DA:71,4
DA:72,3
DA:76,1
DA:80,2
DA:82,2
DA:87,1
DA:88,4
DA:89,3
DA:93,1
DA:97,2
DA:98,2
DA:103,1
DA:104,1
DA:105,3
DA:107,1
DA:109,2
DA:110,2
DA:111,2
DA:114,4
DA:115,2
DA:117,2
DA:118,0
DA:119,0
DA:125,1
DA:126,2
DA:128,2
DA:130,2
DA:134,2
DA:139,1
DA:140,1
DA:141,3
DA:143,1
DA:145,2
DA:146,2
DA:147,4
DA:148,2
DA:154,0
DA:155,0
DA:156,0
DA:157,0
DA:158,0
DA:159,0
DA:163,1
DA:164,2
DA:166,2
DA:168,2
DA:172,2
DA:176,1
DA:177,0
DA:178,0
DA:180,1
DA:181,1
DA:182,2
DA:183,4
DA:184,2
DA:188,0
DA:193,0
DA:195,0
DA:196,0
DA:202,0
DA:203,0
DA:208,0
DA:211,0
DA:212,0
DA:213,0
DA:214,0
DA:217,0
DA:220,0
DA:224,0
DA:225,0
DA:226,0
DA:231,1
DA:232,2
DA:234,2
DA:238,2
DA:239,6
DA:243,2
DA:244,2
DA:245,2
DA:247,4
DA:248,2
DA:250,1
DA:251,0
DA:252,0
DA:254,1
DA:255,1
DA:256,1
DA:257,4
DA:258,2
DA:262,2
DA:263,2
DA:264,0
DA:265,0
DA:271,1
DA:273,2
DA:274,2
DA:275,4
DA:276,2
DA:278,0
DA:283,1
DA:284,2
DA:285,3
DA:288,1
DA:289,2
DA:290,1
DA:291,1
DA:292,2
DA:293,1
DA:294,2
DA:296,2
DA:301,1
DA:302,2
DA:303,2
DA:304,1
DA:305,1
DA:306,3
DA:308,1
DA:309,2
DA:314,1
DA:318,2
DA:319,2
DA:323,1
DA:324,1
DA:325,3
DA:327,1
DA:328,2
DA:333,1
DA:337,2
DA:338,2
DA:343,6
DA:347,2
DA:348,2
DA:349,2
DA:351,4
DA:352,2
DA:357,1
DA:362,2
DA:363,2
DA:368,1
DA:369,1
DA:370,3
DA:372,1
DA:373,2
DA:379,1
DA:380,2
DA:381,2
DA:383,1
DA:384,1
DA:385,3
DA:387,1
DA:388,2
DA:393,1
DA:397,2
DA:398,2
DA:402,1
DA:403,1
DA:404,3
DA:406,1
DA:408,2
DA:410,0
DA:413,1
DA:414,2
DA:415,4
DA:416,2
DA:418,0
DA:425,0
DA:426,0
DA:429,0
DA:430,0
DA:431,0
DA:432,0
DA:436,0
DA:437,0
DA:439,0
DA:443,0
DA:444,0
DA:445,0
DA:449,0
DA:450,0
DA:451,0
DA:453,0
DA:459,0
DA:460,0
DA:461,0
DA:463,0
DA:464,0
DA:465,0
DA:467,0
DA:473,0
DA:474,0
DA:475,0
DA:478,0
DA:479,0
DA:480,0
DA:481,0
DA:487,0
DA:488,0
DA:491,0
DA:492,0
DA:495,0
DA:496,0
DA:497,0
DA:498,0
DA:501,0
DA:502,0
DA:506,0
DA:507,0
DA:509,0
DA:513,0
DA:514,0
DA:515,0
DA:517,0
DA:518,0
DA:519,0
DA:523,0
DA:524,0
DA:525,0
DA:527,0
DA:528,0
DA:530,0
DA:533,0
DA:534,0
DA:536,0
DA:537,0
DA:538,0
DA:540,0
DA:541,0
DA:546,0
DA:547,0
DA:549,0
DA:562,0
DA:563,0
DA:564,0
DA:565,0
DA:566,0
DA:567,0
DA:569,0
DA:571,0
DA:572,0
DA:573,0
DA:575,0
DA:578,0
DA:579,0
DA:580,0
DA:584,0
DA:585,0
DA:586,0
DA:587,0
DA:589,0
DA:590,0
DA:591,0
DA:592,0
DA:596,0
DA:597,0
DA:598,0
DA:603,0
DA:604,0
DA:605,0
DA:606,0
DA:607,0
DA:608,0
DA:610,0
DA:612,0
DA:613,0
DA:614,0
DA:616,0
DA:618,0
DA:619,0
DA:620,0
DA:624,0
DA:625,0
DA:626,0
DA:627,0
DA:629,0
DA:630,0
DA:631,0
DA:632,0
DA:636,0
DA:637,0
DA:638,0
LF:304
LH:148
end_of_record
SF:lib\core\services\deep_link_service.dart
DA:9,0
DA:10,0
DA:11,0
DA:14,0
DA:16,0
DA:18,0
DA:19,0
DA:20,0
DA:22,0
DA:23,0
DA:24,0
DA:28,0
DA:31,0
DA:32,0
DA:33,0
DA:36,0
DA:37,0
DA:38,0
DA:44,0
DA:46,0
DA:47,0
DA:49,0
DA:50,0
LF:23
LH:0
end_of_record
SF:lib\features\auth\models\ExploreCategory.dart
DA:5,1
DA:7,1
DA:8,3
LF:3
LH:3
end_of_record
SF:lib\features\auth\repositories\auth_remote_repository.dart
DA:21,0
DA:23,0
DA:24,0
DA:29,1
DA:32,0
DA:35,0
DA:36,0
DA:37,0
DA:38,0
DA:43,0
DA:45,0
DA:48,0
DA:51,0
DA:52,0
DA:53,0
DA:56,0
DA:59,0
DA:60,0
DA:61,0
DA:62,0
DA:64,0
DA:67,0
DA:68,0
DA:71,0
DA:73,0
DA:85,0
DA:88,0
DA:90,0
DA:92,0
DA:94,0
DA:95,0
DA:96,0
DA:101,0
DA:102,0
DA:104,0
DA:105,0
DA:106,0
DA:107,0
DA:110,0
DA:111,0
DA:114,0
DA:116,0
DA:117,0
DA:118,0
DA:119,0
DA:120,0
DA:121,0
DA:123,0
DA:125,0
DA:127,0
DA:132,0
DA:134,0
DA:136,0
DA:137,0
DA:139,0
DA:141,0
DA:145,0
DA:149,0
DA:151,0
DA:154,0
DA:156,0
DA:160,0
DA:162,0
DA:163,0
DA:164,0
DA:166,0
DA:168,0
DA:174,1
DA:180,2
DA:182,1
DA:184,3
DA:185,1
DA:186,2
DA:188,3
DA:193,1
DA:198,2
DA:200,1
DA:203,2
DA:204,1
DA:205,1
DA:206,2
DA:208,3
DA:213,1
DA:218,2
DA:220,1
DA:222,4
DA:223,3
DA:224,3
DA:226,1
DA:227,1
DA:228,2
DA:230,3
DA:242,0
DA:243,0
DA:244,0
DA:247,1
DA:250,1
DA:251,2
DA:253,0
DA:254,0
DA:255,0
DA:257,0
DA:259,0
DA:262,0
DA:263,0
DA:264,0
DA:266,0
DA:267,0
DA:268,0
DA:270,0
DA:275,0
DA:277,0
DA:278,0
DA:281,0
DA:283,0
DA:284,0
DA:286,0
DA:287,0
DA:288,0
DA:290,0
DA:295,1
DA:299,3
DA:300,0
DA:302,0
DA:303,0
DA:305,0
DA:308,0
DA:310,0
DA:312,0
DA:313,0
DA:315,0
DA:317,3
DA:322,0
DA:327,0
DA:330,0
DA:335,1
DA:340,2
DA:342,1
DA:344,3
DA:345,1
DA:346,4
DA:347,3
DA:348,1
DA:349,1
DA:350,2
DA:352,3
DA:357,0
DA:363,0
DA:365,0
DA:367,0
DA:368,0
DA:369,0
DA:370,0
DA:372,0
DA:377,1
DA:383,1
DA:385,1
DA:387,2
DA:389,2
DA:390,1
DA:391,1
DA:392,1
DA:393,1
DA:394,3
DA:395,2
DA:396,0
DA:397,0
DA:398,0
DA:399,1
DA:400,2
DA:403,2
DA:405,3
DA:411,1
DA:416,2
DA:418,1
DA:421,3
DA:422,2
DA:423,3
DA:424,3
DA:425,1
DA:426,1
DA:427,2
DA:429,2
DA:434,1
DA:436,2
DA:438,1
DA:440,3
DA:441,1
DA:442,2
DA:444,3
DA:449,0
DA:453,0
DA:455,0
DA:457,0
DA:458,0
DA:459,0
DA:460,0
DA:462,0
DA:467,1
DA:471,2
DA:473,1
DA:475,2
DA:476,1
DA:477,1
DA:478,2
DA:480,3
DA:484,1
DA:489,2
DA:491,1
DA:493,2
DA:494,1
DA:495,1
DA:496,2
DA:498,3
DA:502,1
DA:507,2
DA:509,1
DA:511,3
DA:512,2
DA:513,1
DA:514,1
DA:515,2
DA:517,3
DA:523,1
DA:529,2
DA:531,1
DA:539,2
DA:540,1
DA:541,1
DA:542,2
DA:544,3
DA:549,1
DA:553,2
DA:555,1
DA:557,2
DA:558,1
DA:559,1
DA:560,2
DA:562,3
DA:566,1
DA:571,2
DA:573,1
DA:576,2
DA:577,1
DA:578,1
DA:579,2
DA:581,3
LF:247
LH:125
end_of_record
SF:lib\features\auth\view_model\auth_state.dart
DA:17,5
DA:19,2
DA:20,2
DA:22,2
DA:24,2
DA:25,2
DA:27,2
DA:28,2
DA:30,2
DA:31,2
DA:33,2
DA:34,2
DA:36,2
DA:37,2
DA:39,4
DA:45,1
DA:46,1
DA:47,2
DA:49,1
DA:52,1
DA:57,1
DA:58,1
DA:59,1
DA:60,1
DA:64,3
DA:65,3
DA:66,3
DA:67,3
DA:69,1
DA:71,4
LF:30
LH:30
end_of_record
SF:lib\features\home\services\hashtag_service.dart
DA:5,0
DA:6,0
DA:13,1
DA:15,1
DA:16,1
DA:17,1
DA:18,1
DA:26,1
DA:32,1
DA:39,1
DA:40,3
DA:41,2
DA:42,2
DA:45,1
DA:46,1
DA:48,1
DA:50,1
DA:52,1
DA:56,1
DA:58,2
DA:59,1
DA:61,1
DA:65,2
DA:67,1
DA:70,3
DA:72,3
DA:74,1
DA:75,2
DA:76,1
DA:81,2
DA:82,1
DA:83,1
DA:84,1
DA:85,1
DA:87,1
DA:92,1
DA:93,2
DA:96,1
DA:98,1
LF:39
LH:37
end_of_record
SF:lib\features\chat\models\messagemodel.dart
DA:38,3
DA:51,1
DA:52,1
DA:53,4
DA:54,2
DA:55,3
DA:56,1
DA:60,1
DA:61,2
DA:62,1
DA:63,2
DA:64,2
DA:65,2
DA:66,2
DA:67,3
DA:68,2
DA:69,1
DA:70,1
DA:71,1
DA:75,1
DA:76,1
DA:77,1
DA:78,1
DA:79,1
DA:80,1
DA:81,1
DA:82,2
DA:83,1
DA:84,1
DA:85,1
DA:86,1
DA:90,1
DA:102,1
DA:103,1
DA:104,1
DA:105,1
DA:106,0
DA:107,1
DA:108,0
DA:109,1
DA:110,1
DA:112,1
DA:113,1
DA:117,1
DA:118,1
DA:119,1
DA:120,1
DA:121,1
DA:122,1
DA:123,2
DA:124,1
DA:125,1
DA:126,1
DA:127,1
DA:128,1
DA:132,1
DA:133,1
DA:134,1
DA:135,1
DA:136,1
DA:137,1
DA:138,2
DA:139,1
DA:140,1
DA:141,1
DA:142,1
DA:143,1
DA:147,3
DA:149,1
DA:150,2
DA:151,3
DA:152,1
DA:153,6
DA:154,3
DA:156,1
DA:158,12
DA:161,2
DA:165,3
DA:166,3
DA:167,3
DA:168,3
DA:169,3
DA:172,1
DA:174,11
LF:84
LH:82
end_of_record
SF:lib\features\chat\repositories\chat_local_repository.dart
DA:7,0
DA:9,0
DA:16,0
DA:17,0
DA:18,0
DA:20,1
DA:26,1
DA:27,2
DA:28,4
DA:29,1
DA:30,5
DA:35,1
DA:36,3
DA:37,2
DA:38,2
DA:42,1
DA:43,1
DA:44,3
DA:46,2
DA:48,1
DA:49,3
DA:53,1
DA:57,2
DA:58,2
DA:61,3
DA:62,2
DA:65,1
DA:66,3
DA:67,1
DA:68,2
DA:69,2
DA:70,2
DA:73,2
DA:74,1
DA:76,3
DA:80,1
DA:81,2
DA:82,2
DA:83,1
DA:85,3
DA:89,1
DA:90,2
DA:91,4
DA:92,1
DA:94,2
DA:95,5
DA:97,1
DA:98,4
DA:100,1
DA:101,2
DA:105,1
DA:106,2
DA:107,6
DA:108,1
DA:111,1
DA:114,2
DA:115,3
DA:119,1
DA:120,3
DA:123,1
DA:124,2
DA:127,1
DA:128,2
DA:129,2
DA:132,1
DA:133,2
DA:136,1
DA:137,2
LF:68
LH:63
end_of_record
SF:lib\features\chat\models\conversationmodel.dart
DA:39,1
DA:56,0
DA:60,0
DA:62,0
DA:63,0
DA:64,0
DA:70,0
DA:71,0
DA:74,0
DA:76,0
DA:77,0
DA:80,0
DA:81,0
DA:84,0
DA:86,0
DA:92,0
DA:93,0
DA:94,0
DA:97,0
DA:98,0
DA:99,0
DA:100,0
DA:101,0
DA:102,0
DA:106,0
DA:107,0
DA:109,0
DA:110,0
DA:124,0
DA:126,0
DA:127,0
DA:130,0
DA:131,0
DA:134,0
DA:135,0
DA:136,0
DA:137,0
DA:138,0
DA:142,0
DA:144,0
DA:147,1
DA:150,1
DA:152,3
DA:153,0
DA:154,0
DA:155,0
DA:156,0
DA:157,0
DA:158,0
DA:159,0
DA:160,0
DA:161,0
DA:162,0
DA:163,0
DA:164,0
DA:165,0
DA:168,0
DA:170,0
DA:171,0
DA:172,0
DA:173,0
DA:174,0
DA:175,0
DA:176,0
DA:177,0
DA:178,0
DA:179,0
DA:180,0
DA:181,0
DA:182,0
DA:183,0
DA:186,0
DA:205,0
DA:206,0
DA:207,0
DA:208,0
DA:209,0
DA:211,0
DA:212,0
DA:213,0
DA:214,0
DA:215,0
DA:216,0
DA:217,0
DA:218,0
DA:219,0
DA:220,0
DA:224,0
DA:225,0
DA:226,0
DA:227,0
DA:228,0
DA:229,0
DA:231,0
DA:232,0
DA:233,0
DA:234,0
DA:235,0
DA:236,0
DA:237,0
DA:238,0
DA:239,0
DA:240,0
DA:244,0
DA:245,0
DA:246,0
DA:247,0
DA:248,0
DA:249,0
DA:251,0
DA:252,0
DA:253,0
DA:255,0
DA:256,0
DA:258,0
DA:259,0
DA:261,0
DA:262,0
DA:263,0
DA:265,0
DA:266,0
DA:268,0
DA:269,0
DA:271,0
DA:272,0
DA:274,0
DA:275,0
DA:280,0
DA:282,0
DA:283,0
LF:130
LH:4
end_of_record
SF:lib\features\home\models\reposted_by_user_model.dart
DA:10,1
DA:20,1
DA:29,1
DA:30,1
DA:31,1
DA:32,1
DA:33,1
DA:34,1
DA:35,1
DA:36,1
DA:40,1
DA:41,1
DA:42,1
DA:45,1
DA:47,1
DA:48,2
DA:51,3
DA:53,1
DA:54,2
DA:55,2
DA:56,2
DA:58,2
DA:59,2
LF:23
LH:23
end_of_record
SF:lib\features\home\models\tweet_model.dart
DA:99,4
DA:132,1
DA:164,1
DA:165,1
DA:166,1
DA:167,1
DA:168,1
DA:169,1
DA:170,1
DA:171,0
DA:172,1
DA:173,1
DA:174,1
DA:175,0
DA:176,1
DA:177,1
DA:178,1
DA:179,1
DA:180,1
DA:181,1
DA:182,1
DA:183,1
DA:184,1
DA:185,1
DA:186,1
DA:187,1
DA:188,1
DA:190,1
DA:191,1
DA:192,1
DA:193,1
DA:194,1
DA:195,1
DA:199,1
DA:200,1
DA:201,1
DA:202,1
DA:203,1
DA:204,1
DA:205,1
DA:206,2
DA:207,1
DA:208,1
DA:209,1
DA:210,1
DA:211,1
DA:212,1
DA:213,1
DA:214,1
DA:215,1
DA:216,1
DA:217,1
DA:218,1
DA:219,1
DA:220,1
DA:221,1
DA:222,1
DA:223,1
DA:224,1
DA:225,1
DA:226,1
DA:227,1
DA:228,3
DA:229,1
DA:230,1
DA:234,2
DA:235,2
DA:236,2
DA:241,2
DA:242,4
DA:243,4
DA:246,4
DA:247,2
DA:248,0
DA:251,4
DA:252,2
DA:253,0
DA:256,2
DA:257,3
DA:258,2
DA:260,2
DA:261,4
DA:262,0
DA:263,6
DA:264,6
DA:265,6
DA:266,2
DA:267,2
DA:268,2
DA:270,5
DA:271,2
DA:272,0
DA:273,2
DA:274,2
DA:276,3
DA:277,2
DA:278,2
DA:280,2
DA:281,2
DA:282,4
DA:283,2
DA:284,4
DA:285,1
DA:286,1
DA:290,6
DA:291,6
DA:293,4
DA:298,4
DA:300,2
DA:301,2
DA:303,4
DA:304,2
DA:305,2
DA:306,2
DA:307,2
DA:312,2
DA:313,2
DA:314,4
DA:315,2
DA:318,2
DA:319,2
DA:320,2
DA:321,4
DA:325,2
DA:326,2
DA:327,2
DA:328,1
DA:329,1
DA:330,1
DA:331,2
DA:332,2
DA:333,3
DA:334,2
DA:351,1
DA:353,4
DA:357,2
DA:358,2
DA:363,2
DA:364,2
DA:365,2
DA:366,2
DA:367,2
DA:368,2
DA:369,2
DA:370,2
DA:373,4
DA:374,2
DA:375,2
DA:383,2
DA:384,2
DA:385,1
DA:387,2
DA:388,2
DA:389,1
DA:393,1
DA:394,4
DA:397,1
DA:398,1
DA:399,1
DA:400,1
DA:401,1
DA:402,1
DA:403,1
DA:404,1
DA:407,2
DA:408,2
DA:414,2
DA:415,2
DA:416,3
DA:418,1
DA:419,1
DA:420,1
DA:421,1
DA:422,1
DA:423,1
DA:424,1
DA:426,2
DA:427,2
DA:435,1
DA:446,2
DA:447,4
DA:448,2
DA:450,1
DA:452,1
DA:453,1
DA:454,1
DA:455,1
DA:456,1
DA:461,4
DA:465,4
DA:472,2
DA:476,2
DA:477,2
DA:478,2
DA:479,1
DA:485,3
DA:489,3
DA:490,1
DA:497,2
DA:499,1
DA:500,2
DA:501,1
DA:502,1
DA:507,2
DA:509,1
DA:510,1
DA:511,1
DA:512,1
DA:517,2
DA:518,2
DA:519,2
DA:520,1
DA:522,2
DA:523,1
DA:524,1
DA:525,1
DA:526,2
DA:531,1
DA:532,4
DA:535,1
DA:536,1
DA:537,4
DA:538,2
DA:540,2
DA:541,0
DA:543,2
DA:544,2
DA:550,2
DA:551,1
DA:552,2
DA:557,2
DA:558,2
DA:559,2
DA:560,2
DA:570,2
DA:571,2
DA:572,2
DA:574,2
DA:575,1
DA:577,1
DA:578,1
DA:579,2
DA:582,2
DA:583,1
DA:588,3
DA:589,1
DA:590,1
DA:592,2
LF:248
LH:241
end_of_record
SF:lib\features\home\models\tweet_summary.dart
DA:12,1
DA:24,1
DA:25,1
DA:26,1
DA:27,1
DA:28,2
DA:29,1
DA:30,1
DA:35,1
DA:36,2
DA:37,1
DA:38,1
DA:45,1
DA:46,2
DA:47,2
DA:48,2
DA:49,2
DA:50,2
DA:51,2
DA:52,2
DA:53,2
DA:54,2
LF:22
LH:22
end_of_record
SF:lib\features\home\models\user_profile_model.dart
DA:7,1
DA:14,1
DA:15,1
DA:16,2
DA:17,2
DA:18,2
DA:19,2
DA:23,1
DA:24,5
DA:47,1
DA:67,1
DA:68,1
DA:69,2
DA:70,3
DA:71,1
DA:74,4
DA:76,3
DA:77,2
DA:80,1
DA:84,1
DA:85,1
DA:86,3
DA:91,1
DA:92,1
DA:93,3
DA:94,3
DA:100,3
DA:101,1
DA:102,1
DA:103,1
DA:105,1
DA:106,1
DA:109,1
DA:110,2
DA:113,3
DA:115,1
DA:116,2
DA:117,2
DA:118,2
DA:119,2
DA:120,2
DA:121,2
DA:122,1
DA:123,2
DA:124,1
DA:125,2
DA:126,2
DA:129,2
DA:130,1
DA:131,2
DA:138,1
DA:139,1
DA:140,1
DA:141,1
DA:142,1
DA:143,1
DA:144,1
DA:145,1
DA:146,1
DA:147,1
DA:148,1
DA:149,1
DA:150,1
DA:151,2
DA:152,1
DA:153,1
DA:154,2
DA:155,1
DA:156,1
DA:160,1
DA:179,1
DA:180,1
DA:181,0
DA:182,1
DA:183,1
DA:184,1
DA:185,1
DA:186,1
DA:187,1
DA:188,1
DA:189,1
DA:190,1
DA:191,1
DA:193,1
DA:194,1
DA:195,1
DA:196,0
DA:197,1
LF:88
LH:86
end_of_record
SF:lib\features\home\models\user_suggestion.dart
DA:12,1
DA:24,1
DA:25,1
DA:26,2
DA:27,2
DA:28,2
DA:29,2
DA:30,2
DA:31,1
DA:32,2
DA:34,1
DA:35,2
DA:37,2
DA:38,2
DA:42,1
DA:43,2
DA:44,3
DA:54,1
DA:56,1
DA:57,1
DA:58,2
DA:59,2
DA:67,1
DA:69,1
DA:70,1
DA:72,1
DA:74,1
DA:75,1
DA:76,1
DA:77,1
DA:80,1
LF:31
LH:31
end_of_record
SF:lib\features\home\repositories\mentioned_tweets_repository.dart
DA:7,1
DA:13,1
DA:20,1
DA:21,2
DA:22,2
DA:26,1
DA:28,2
DA:29,1
DA:33,2
DA:34,1
DA:37,1
DA:38,1
DA:39,1
DA:40,3
DA:41,1
DA:45,1
DA:47,1
DA:50,1
DA:52,2
DA:54,2
DA:56,1
DA:57,1
DA:58,2
DA:61,1
DA:62,3
DA:63,2
DA:65,3
DA:67,2
LF:28
LH:28
end_of_record
SF:lib\features\home\utils\text_with_hashtags.dart
DA:5,1
DA:12,1
DA:16,1
DA:19,4
DA:20,1
DA:21,1
DA:27,1
DA:28,1
DA:29,1
DA:30,1
DA:36,2
DA:38,2
DA:39,1
DA:40,1
DA:41,2
DA:47,1
DA:48,1
DA:49,1
DA:53,1
DA:54,1
DA:55,1
DA:57,1
DA:61,1
DA:62,3
DA:67,1
DA:68,1
DA:69,1
DA:71,1
DA:75,1
DA:76,3
DA:81,1
DA:82,1
DA:84,1
DA:92,1
DA:96,2
DA:97,3
DA:100,1
LF:37
LH:37
end_of_record
SF:lib\features\home\view_model\home_state.dart
DA:19,1
DA:34,1
DA:48,1
DA:49,1
DA:50,1
DA:51,1
DA:52,1
DA:53,1
DA:54,1
DA:55,1
DA:56,1
DA:57,1
DA:58,1
DA:59,1
DA:60,1
LF:15
LH:15
end_of_record
SF:lib\features\home\view_model\mentioned_tweets_state.dart
DA:12,1
DA:22,1
DA:31,1
DA:32,1
DA:33,1
DA:34,1
DA:35,1
DA:36,1
DA:37,1
DA:38,1
LF:10
LH:10
end_of_record
